::1 - - [Thu, 02 Aug 2018 08:59:03 GMT] "GET /reg HTTP/1.1" 304 - "http://localhost:3001/login" "Mozilla/5.0 (Windows NT 10.0; Win64; x64) AppleWebKit/537.36 (KHTML, like Gecko) Chrome/64.0.3282.186 Safari/537.36"
::1 - - [Thu, 02 Aug 2018 08:59:03 GMT] "GET /stylesheets/style.css HTTP/1.1" 304 - "http://localhost:3001/reg" "Mozilla/5.0 (Windows NT 10.0; Win64; x64) AppleWebKit/537.36 (KHTML, like Gecko) Chrome/64.0.3282.186 Safari/537.36"
::1 - - [Thu, 02 Aug 2018 08:59:03 GMT] "GET /favicon.ico HTTP/1.1" 200 335 "http://localhost:3001/reg" "Mozilla/5.0 (Windows NT 10.0; Win64; x64) AppleWebKit/537.36 (KHTML, like Gecko) Chrome/64.0.3282.186 Safari/537.36"
::1 - - [Thu, 02 Aug 2018 08:59:23 GMT] "GET /stylesheets/style.css HTTP/1.1" 304 - "http://localhost:3001/login" "Mozilla/5.0 (Windows NT 10.0; Win64; x64) AppleWebKit/537.36 (KHTML, like Gecko) Chrome/64.0.3282.186 Safari/537.36"
::1 - - [Thu, 02 Aug 2018 08:59:23 GMT] "GET /login HTTP/1.1" 200 788 "http://localhost:3001/reg" "Mozilla/5.0 (Windows NT 10.0; Win64; x64) AppleWebKit/537.36 (KHTML, like Gecko) Chrome/64.0.3282.186 Safari/537.36"
::1 - - [Thu, 02 Aug 2018 08:59:23 GMT] "GET /favicon.ico HTTP/1.1" 304 - "http://localhost:3001/login" "Mozilla/5.0 (Windows NT 10.0; Win64; x64) AppleWebKit/537.36 (KHTML, like Gecko) Chrome/64.0.3282.186 Safari/537.36"
::1 - - [Thu, 02 Aug 2018 08:59:26 GMT] "POST /login HTTP/1.1" 302 46 "http://localhost:3001/login" "Mozilla/5.0 (Windows NT 10.0; Win64; x64) AppleWebKit/537.36 (KHTML, like Gecko) Chrome/64.0.3282.186 Safari/537.36"
::1 - - [Thu, 02 Aug 2018 08:59:26 GMT] "GET / HTTP/1.1" 200 6031 "http://localhost:3001/login" "Mozilla/5.0 (Windows NT 10.0; Win64; x64) AppleWebKit/537.36 (KHTML, like Gecko) Chrome/64.0.3282.186 Safari/537.36"
::1 - - [Thu, 02 Aug 2018 08:59:26 GMT] "GET /stylesheets/style.css HTTP/1.1" 304 - "http://localhost:3001/" "Mozilla/5.0 (Windows NT 10.0; Win64; x64) AppleWebKit/537.36 (KHTML, like Gecko) Chrome/64.0.3282.186 Safari/537.36"
::1 - - [Thu, 02 Aug 2018 08:59:27 GMT] "GET /favicon.ico HTTP/1.1" 304 - "http://localhost:3001/" "Mozilla/5.0 (Windows NT 10.0; Win64; x64) AppleWebKit/537.36 (KHTML, like Gecko) Chrome/64.0.3282.186 Safari/537.36"
::1 - - [Thu, 02 Aug 2018 09:02:34 GMT] "GET / HTTP/1.1" 200 5983 "-" "Mozilla/5.0 (Windows NT 10.0; Win64; x64) AppleWebKit/537.36 (KHTML, like Gecko) Chrome/64.0.3282.186 Safari/537.36"
::1 - - [Thu, 02 Aug 2018 09:02:34 GMT] "GET /stylesheets/style.css HTTP/1.1" 304 - "http://localhost:3001/" "Mozilla/5.0 (Windows NT 10.0; Win64; x64) AppleWebKit/537.36 (KHTML, like Gecko) Chrome/64.0.3282.186 Safari/537.36"
::1 - - [Thu, 02 Aug 2018 09:02:34 GMT] "GET /favicon.ico HTTP/1.1" 200 335 "http://localhost:3001/" "Mozilla/5.0 (Windows NT 10.0; Win64; x64) AppleWebKit/537.36 (KHTML, like Gecko) Chrome/64.0.3282.186 Safari/537.36"
::1 - - [Thu, 02 Aug 2018 09:02:36 GMT] "GET /?page=2 HTTP/1.1" 200 3070 "http://localhost:3001/" "Mozilla/5.0 (Windows NT 10.0; Win64; x64) AppleWebKit/537.36 (KHTML, like Gecko) Chrome/64.0.3282.186 Safari/537.36"
::1 - - [Thu, 02 Aug 2018 09:02:36 GMT] "GET /stylesheets/style.css HTTP/1.1" 304 - "http://localhost:3001/?page=2" "Mozilla/5.0 (Windows NT 10.0; Win64; x64) AppleWebKit/537.36 (KHTML, like Gecko) Chrome/64.0.3282.186 Safari/537.36"
::1 - - [Thu, 02 Aug 2018 09:02:36 GMT] "GET /favicon.ico HTTP/1.1" 304 - "http://localhost:3001/?page=2" "Mozilla/5.0 (Windows NT 10.0; Win64; x64) AppleWebKit/537.36 (KHTML, like Gecko) Chrome/64.0.3282.186 Safari/537.36"
::1 - - [Thu, 02 Aug 2018 09:02:37 GMT] "GET /?page=1 HTTP/1.1" 304 - "http://localhost:3001/?page=2" "Mozilla/5.0 (Windows NT 10.0; Win64; x64) AppleWebKit/537.36 (KHTML, like Gecko) Chrome/64.0.3282.186 Safari/537.36"
::1 - - [Thu, 02 Aug 2018 09:02:37 GMT] "GET /stylesheets/style.css HTTP/1.1" 304 - "http://localhost:3001/?page=1" "Mozilla/5.0 (Windows NT 10.0; Win64; x64) AppleWebKit/537.36 (KHTML, like Gecko) Chrome/64.0.3282.186 Safari/537.36"
::1 - - [Thu, 02 Aug 2018 09:02:37 GMT] "GET /favicon.ico HTTP/1.1" 304 - "http://localhost:3001/?page=1" "Mozilla/5.0 (Windows NT 10.0; Win64; x64) AppleWebKit/537.36 (KHTML, like Gecko) Chrome/64.0.3282.186 Safari/537.36"
::1 - - [Thu, 02 Aug 2018 09:02:39 GMT] "GET /user/22/1533198146324/[%E8%BD%AC%E8%BD%BD]111 HTTP/1.1" 304 - "http://localhost:3001/?page=1" "Mozilla/5.0 (Windows NT 10.0; Win64; x64) AppleWebKit/537.36 (KHTML, like Gecko) Chrome/64.0.3282.186 Safari/537.36"
::1 - - [Thu, 02 Aug 2018 09:02:39 GMT] "GET /stylesheets/style.css HTTP/1.1" 304 - "http://localhost:3001/user/22/1533198146324/[%E8%BD%AC%E8%BD%BD]111" "Mozilla/5.0 (Windows NT 10.0; Win64; x64) AppleWebKit/537.36 (KHTML, like Gecko) Chrome/64.0.3282.186 Safari/537.36"
::1 - - [Thu, 02 Aug 2018 09:02:39 GMT] "GET /favicon.ico HTTP/1.1" 304 - "http://localhost:3001/user/22/1533198146324/[%E8%BD%AC%E8%BD%BD]111" "Mozilla/5.0 (Windows NT 10.0; Win64; x64) AppleWebKit/537.36 (KHTML, like Gecko) Chrome/64.0.3282.186 Safari/537.36"
::1 - - [Thu, 02 Aug 2018 09:02:42 GMT] "GET /favicon.ico HTTP/1.1" 304 - "http://localhost:3001/?page=1" "Mozilla/5.0 (Windows NT 10.0; Win64; x64) AppleWebKit/537.36 (KHTML, like Gecko) Chrome/64.0.3282.186 Safari/537.36"
::1 - - [Thu, 02 Aug 2018 09:02:45 GMT] "GET /user/11 HTTP/1.1" 200 3260 "http://localhost:3001/?page=1" "Mozilla/5.0 (Windows NT 10.0; Win64; x64) AppleWebKit/537.36 (KHTML, like Gecko) Chrome/64.0.3282.186 Safari/537.36"
::1 - - [Thu, 02 Aug 2018 09:02:45 GMT] "GET /stylesheets/style.css HTTP/1.1" 304 - "http://localhost:3001/user/11" "Mozilla/5.0 (Windows NT 10.0; Win64; x64) AppleWebKit/537.36 (KHTML, like Gecko) Chrome/64.0.3282.186 Safari/537.36"
::1 - - [Thu, 02 Aug 2018 09:02:45 GMT] "GET /favicon.ico HTTP/1.1" 304 - "http://localhost:3001/user/11" "Mozilla/5.0 (Windows NT 10.0; Win64; x64) AppleWebKit/537.36 (KHTML, like Gecko) Chrome/64.0.3282.186 Safari/537.36"
::1 - - [Thu, 02 Aug 2018 09:02:48 GMT] "GET /favicon.ico HTTP/1.1" 304 - "http://localhost:3001/?page=1" "Mozilla/5.0 (Windows NT 10.0; Win64; x64) AppleWebKit/537.36 (KHTML, like Gecko) Chrome/64.0.3282.186 Safari/537.36"
::1 - - [Thu, 02 Aug 2018 09:02:50 GMT] "GET /tags/111 HTTP/1.1" 200 906 "http://localhost:3001/?page=1" "Mozilla/5.0 (Windows NT 10.0; Win64; x64) AppleWebKit/537.36 (KHTML, like Gecko) Chrome/64.0.3282.186 Safari/537.36"
::1 - - [Thu, 02 Aug 2018 09:02:50 GMT] "GET /stylesheets/style.css HTTP/1.1" 304 - "http://localhost:3001/tags/111" "Mozilla/5.0 (Windows NT 10.0; Win64; x64) AppleWebKit/537.36 (KHTML, like Gecko) Chrome/64.0.3282.186 Safari/537.36"
::1 - - [Thu, 02 Aug 2018 09:02:50 GMT] "GET /favicon.ico HTTP/1.1" 304 - "http://localhost:3001/tags/111" "Mozilla/5.0 (Windows NT 10.0; Win64; x64) AppleWebKit/537.36 (KHTML, like Gecko) Chrome/64.0.3282.186 Safari/537.36"
::1 - - [Thu, 02 Aug 2018 09:02:51 GMT] "GET /user/11/1533198958889/1111111111111111111 HTTP/1.1" 200 2084 "http://localhost:3001/tags/111" "Mozilla/5.0 (Windows NT 10.0; Win64; x64) AppleWebKit/537.36 (KHTML, like Gecko) Chrome/64.0.3282.186 Safari/537.36"
::1 - - [Thu, 02 Aug 2018 09:02:51 GMT] "GET /stylesheets/style.css HTTP/1.1" 304 - "http://localhost:3001/user/11/1533198958889/1111111111111111111" "Mozilla/5.0 (Windows NT 10.0; Win64; x64) AppleWebKit/537.36 (KHTML, like Gecko) Chrome/64.0.3282.186 Safari/537.36"
::1 - - [Thu, 02 Aug 2018 09:02:51 GMT] "GET /favicon.ico HTTP/1.1" 304 - "http://localhost:3001/user/11/1533198958889/1111111111111111111" "Mozilla/5.0 (Windows NT 10.0; Win64; x64) AppleWebKit/537.36 (KHTML, like Gecko) Chrome/64.0.3282.186 Safari/537.36"
::1 - - [Thu, 02 Aug 2018 09:02:52 GMT] "GET /edit/11/1533198958889/1111111111111111111 HTTP/1.1" 200 1940 "http://localhost:3001/user/11/1533198958889/1111111111111111111" "Mozilla/5.0 (Windows NT 10.0; Win64; x64) AppleWebKit/537.36 (KHTML, like Gecko) Chrome/64.0.3282.186 Safari/537.36"
::1 - - [Thu, 02 Aug 2018 09:02:52 GMT] "GET /stylesheets/style.css HTTP/1.1" 304 - "http://localhost:3001/edit/11/1533198958889/1111111111111111111" "Mozilla/5.0 (Windows NT 10.0; Win64; x64) AppleWebKit/537.36 (KHTML, like Gecko) Chrome/64.0.3282.186 Safari/537.36"
::1 - - [Thu, 02 Aug 2018 09:02:52 GMT] "GET /favicon.ico HTTP/1.1" 304 - "http://localhost:3001/edit/11/1533198958889/1111111111111111111" "Mozilla/5.0 (Windows NT 10.0; Win64; x64) AppleWebKit/537.36 (KHTML, like Gecko) Chrome/64.0.3282.186 Safari/537.36"
::1 - - [Thu, 02 Aug 2018 09:02:58 GMT] "GET /tags HTTP/1.1" 304 - "http://localhost:3001/edit/11/1533198958889/1111111111111111111" "Mozilla/5.0 (Windows NT 10.0; Win64; x64) AppleWebKit/537.36 (KHTML, like Gecko) Chrome/64.0.3282.186 Safari/537.36"
::1 - - [Thu, 02 Aug 2018 09:02:58 GMT] "GET /stylesheets/style.css HTTP/1.1" 304 - "http://localhost:3001/tags" "Mozilla/5.0 (Windows NT 10.0; Win64; x64) AppleWebKit/537.36 (KHTML, like Gecko) Chrome/64.0.3282.186 Safari/537.36"
::1 - - [Thu, 02 Aug 2018 09:02:58 GMT] "GET /favicon.ico HTTP/1.1" 304 - "http://localhost:3001/tags" "Mozilla/5.0 (Windows NT 10.0; Win64; x64) AppleWebKit/537.36 (KHTML, like Gecko) Chrome/64.0.3282.186 Safari/537.36"
::1 - - [Thu, 02 Aug 2018 09:02:59 GMT] "GET /tags/222 HTTP/1.1" 200 890 "http://localhost:3001/tags" "Mozilla/5.0 (Windows NT 10.0; Win64; x64) AppleWebKit/537.36 (KHTML, like Gecko) Chrome/64.0.3282.186 Safari/537.36"
::1 - - [Thu, 02 Aug 2018 09:02:59 GMT] "GET /stylesheets/style.css HTTP/1.1" 304 - "http://localhost:3001/tags/222" "Mozilla/5.0 (Windows NT 10.0; Win64; x64) AppleWebKit/537.36 (KHTML, like Gecko) Chrome/64.0.3282.186 Safari/537.36"
::1 - - [Thu, 02 Aug 2018 09:02:59 GMT] "GET /favicon.ico HTTP/1.1" 304 - "http://localhost:3001/tags/222" "Mozilla/5.0 (Windows NT 10.0; Win64; x64) AppleWebKit/537.36 (KHTML, like Gecko) Chrome/64.0.3282.186 Safari/537.36"
::1 - - [Thu, 02 Aug 2018 09:03:00 GMT] "GET / HTTP/1.1" 200 5983 "http://localhost:3001/tags/222" "Mozilla/5.0 (Windows NT 10.0; Win64; x64) AppleWebKit/537.36 (KHTML, like Gecko) Chrome/64.0.3282.186 Safari/537.36"
::1 - - [Thu, 02 Aug 2018 09:03:00 GMT] "GET /stylesheets/style.css HTTP/1.1" 304 - "http://localhost:3001/" "Mozilla/5.0 (Windows NT 10.0; Win64; x64) AppleWebKit/537.36 (KHTML, like Gecko) Chrome/64.0.3282.186 Safari/537.36"
::1 - - [Thu, 02 Aug 2018 09:03:00 GMT] "GET /favicon.ico HTTP/1.1" 304 - "http://localhost:3001/" "Mozilla/5.0 (Windows NT 10.0; Win64; x64) AppleWebKit/537.36 (KHTML, like Gecko) Chrome/64.0.3282.186 Safari/537.36"
::1 - - [Thu, 02 Aug 2018 09:03:01 GMT] "GET /tags HTTP/1.1" 304 - "http://localhost:3001/" "Mozilla/5.0 (Windows NT 10.0; Win64; x64) AppleWebKit/537.36 (KHTML, like Gecko) Chrome/64.0.3282.186 Safari/537.36"
::1 - - [Thu, 02 Aug 2018 09:03:01 GMT] "GET /stylesheets/style.css HTTP/1.1" 304 - "http://localhost:3001/tags" "Mozilla/5.0 (Windows NT 10.0; Win64; x64) AppleWebKit/537.36 (KHTML, like Gecko) Chrome/64.0.3282.186 Safari/537.36"
::1 - - [Thu, 02 Aug 2018 09:03:01 GMT] "GET /favicon.ico HTTP/1.1" 304 - "http://localhost:3001/tags" "Mozilla/5.0 (Windows NT 10.0; Win64; x64) AppleWebKit/537.36 (KHTML, like Gecko) Chrome/64.0.3282.186 Safari/537.36"
::1 - - [Thu, 02 Aug 2018 09:03:02 GMT] "GET /tags/111 HTTP/1.1" 304 - "http://localhost:3001/tags" "Mozilla/5.0 (Windows NT 10.0; Win64; x64) AppleWebKit/537.36 (KHTML, like Gecko) Chrome/64.0.3282.186 Safari/537.36"
::1 - - [Thu, 02 Aug 2018 09:03:02 GMT] "GET /stylesheets/style.css HTTP/1.1" 304 - "http://localhost:3001/tags/111" "Mozilla/5.0 (Windows NT 10.0; Win64; x64) AppleWebKit/537.36 (KHTML, like Gecko) Chrome/64.0.3282.186 Safari/537.36"
::1 - - [Thu, 02 Aug 2018 09:03:02 GMT] "GET /favicon.ico HTTP/1.1" 304 - "http://localhost:3001/tags/111" "Mozilla/5.0 (Windows NT 10.0; Win64; x64) AppleWebKit/537.36 (KHTML, like Gecko) Chrome/64.0.3282.186 Safari/537.36"
::1 - - [Thu, 02 Aug 2018 09:03:03 GMT] "GET /post HTTP/1.1" 304 - "http://localhost:3001/tags/111" "Mozilla/5.0 (Windows NT 10.0; Win64; x64) AppleWebKit/537.36 (KHTML, like Gecko) Chrome/64.0.3282.186 Safari/537.36"
::1 - - [Thu, 02 Aug 2018 09:03:03 GMT] "GET /stylesheets/style.css HTTP/1.1" 304 - "http://localhost:3001/post" "Mozilla/5.0 (Windows NT 10.0; Win64; x64) AppleWebKit/537.36 (KHTML, like Gecko) Chrome/64.0.3282.186 Safari/537.36"
::1 - - [Thu, 02 Aug 2018 09:03:03 GMT] "GET /favicon.ico HTTP/1.1" 304 - "http://localhost:3001/post" "Mozilla/5.0 (Windows NT 10.0; Win64; x64) AppleWebKit/537.36 (KHTML, like Gecko) Chrome/64.0.3282.186 Safari/537.36"
::1 - - [Thu, 02 Aug 2018 09:03:03 GMT] "GET /upload HTTP/1.1" 304 - "http://localhost:3001/post" "Mozilla/5.0 (Windows NT 10.0; Win64; x64) AppleWebKit/537.36 (KHTML, like Gecko) Chrome/64.0.3282.186 Safari/537.36"
::1 - - [Thu, 02 Aug 2018 09:03:03 GMT] "GET /stylesheets/style.css HTTP/1.1" 304 - "http://localhost:3001/upload" "Mozilla/5.0 (Windows NT 10.0; Win64; x64) AppleWebKit/537.36 (KHTML, like Gecko) Chrome/64.0.3282.186 Safari/537.36"
::1 - - [Thu, 02 Aug 2018 09:03:03 GMT] "GET /favicon.ico HTTP/1.1" 304 - "http://localhost:3001/upload" "Mozilla/5.0 (Windows NT 10.0; Win64; x64) AppleWebKit/537.36 (KHTML, like Gecko) Chrome/64.0.3282.186 Safari/537.36"
::1 - - [Thu, 02 Aug 2018 09:03:05 GMT] "GET / HTTP/1.1" 304 - "http://localhost:3001/upload" "Mozilla/5.0 (Windows NT 10.0; Win64; x64) AppleWebKit/537.36 (KHTML, like Gecko) Chrome/64.0.3282.186 Safari/537.36"
::1 - - [Thu, 02 Aug 2018 09:03:05 GMT] "GET /stylesheets/style.css HTTP/1.1" 304 - "http://localhost:3001/" "Mozilla/5.0 (Windows NT 10.0; Win64; x64) AppleWebKit/537.36 (KHTML, like Gecko) Chrome/64.0.3282.186 Safari/537.36"
::1 - - [Thu, 02 Aug 2018 09:03:05 GMT] "GET /favicon.ico HTTP/1.1" 304 - "http://localhost:3001/" "Mozilla/5.0 (Windows NT 10.0; Win64; x64) AppleWebKit/537.36 (KHTML, like Gecko) Chrome/64.0.3282.186 Safari/537.36"
